#
# There is insufficient memory for the Java Runtime Environment to continue.
# Native memory allocation (malloc) failed to allocate 1048576 bytes for AllocateHeap
# Possible reasons:
#   The system is out of physical RAM or swap space
#   The process is running with CompressedOops enabled, and the Java Heap may be blocking the growth of the native heap
# Possible solutions:
#   Reduce memory load on the system
#   Increase physical memory or swap space
#   Check if swap backing store is full
#   Decrease Java heap size (-Xmx/-Xms)
#   Decrease number of Java threads
#   Decrease Java thread stack sizes (-Xss)
#   Set larger code cache with -XX:ReservedCodeCacheSize=
#   JVM is running with Zero Based Compressed Oops mode in which the Java heap is
#     placed in the first 32GB address space. The Java Heap base address is the
#     maximum limit for the native heap growth. Please use -XX:HeapBaseMinAddress
#     to set the Java Heap base and to place the Java Heap above 32GB virtual address.
# This output file may be truncated or incomplete.
#
#  Out of Memory Error (memory/allocation.inline.hpp:61), pid=1060, tid=0x0000000000005980
#
# JRE version:  (8.0_202-b08) (build )
# Java VM: Java HotSpot(TM) 64-Bit Server VM (25.202-b08 mixed mode windows-amd64 compressed oops)
# Failed to write core dump. Minidumps are not enabled by default on client versions of Windows
#

---------------  T H R E A D  ---------------

Current thread (0x0000000002bf5800):  JavaThread "Unknown thread" [_thread_in_vm, id=22912, stack(0x0000000002a90000,0x0000000002b90000)]

Stack: [0x0000000002a90000,0x0000000002b90000]
[error occurred during error reporting (printing stack bounds), id 0xc0000005]

Native frames: (J=compiled Java code, j=interpreted, Vv=VM code, C=native code)


---------------  P R O C E S S  ---------------

Java Threads: ( => current thread )

Other Threads:

=>0x0000000002bf5800 (exited) JavaThread "Unknown thread" [_thread_in_vm, id=22912, stack(0x0000000002a90000,0x0000000002b90000)]

VM state:not at safepoint (normal execution)

VM Mutex/Monitor currently owned by a thread: None

heap address: 0x00000006c3e00000, size: 4034 MB, Compressed Oops mode: Zero based, Oop shift amount: 3
Narrow klass base: 0x0000000000000000, Narrow klass shift: 3
Compressed class space size: 1073741824 Address: 0x00000007c0000000

Heap:
 PSYoungGen      total 75776K, used 1300K [0x000000076bf80000, 0x0000000771400000, 0x00000007c0000000)
  eden space 65024K, 2% used [0x000000076bf80000,0x000000076c0c51f8,0x000000076ff00000)
  from space 10752K, 0% used [0x0000000770980000,0x0000000770980000,0x0000000771400000)
  to   space 10752K, 0% used [0x000000076ff00000,0x000000076ff00000,0x0000000770980000)
 ParOldGen       total 173568K, used 0K [0x00000006c3e00000, 0x00000006ce780000, 0x000000076bf80000)
  object space 173568K, 0% used [0x00000006c3e00000,0x00000006c3e00000,0x00000006ce780000)
 Metaspace       used 775K, capacity 4480K, committed 4480K, reserved 1056768K
  class space    used 76K, capacity 384K, committed 384K, reserved 1048576K

Card table byte_map: [0x00000000120b0000,0x00000000128a0000] byte_map_base: 0x000000000ea91000

Marking Bits: (ParMarkBitMap*) 0x0000000070b15ce0
 Begin Bits: [0x00000000137f0000, 0x00000000176f8000)
 End Bits:   [0x00000000176f8000, 0x000000001b600000)

Polling page: 0x00000000009e0000

CodeCache: size=245760Kb used=328Kb max_used=328Kb free=245431Kb
 bounds [0x0000000002cf0000, 0x0000000002f60000, 0x0000000011cf0000]
 total_blobs=58 nmethods=0 adapters=38
 compilation: enabled

Compilation events (0 events):
No events

GC Heap History (0 events):
No events

Deoptimization events (0 events):
No events

Classes redefined (0 events):
No events

Internal exceptions (0 events):
No events

Events (10 events):
Event: 0.019 loading class java/lang/Short
Event: 0.019 loading class java/lang/Short done
Event: 0.019 loading class java/lang/Integer
Event: 0.019 loading class java/lang/Integer done
Event: 0.019 loading class java/lang/Long
Event: 0.019 loading class java/lang/Long done
Event: 0.019 loading class java/lang/NullPointerException
Event: 0.019 loading class java/lang/NullPointerException done
Event: 0.019 loading class java/lang/ArithmeticException
Event: 0.019 loading class java/lang/ArithmeticException done


Dynamic libraries:
0x00007ff6a5c30000 - 0x00007ff6a5c67000 	C:\Program Files\Java\jdk1.8.0_202\bin\javaw.exe
0x00007fff50fb0000 - 0x00007fff511a8000 	C:\Windows\SYSTEM32\ntdll.dll
0x00007fff500c0000 - 0x00007fff5017f000 	C:\Windows\System32\KERNEL32.DLL
0x00007fff4e820000 - 0x00007fff4eaf2000 	C:\Windows\System32\KERNELBASE.dll
0x00007fff4f090000 - 0x00007fff4f13e000 	C:\Windows\System32\ADVAPI32.dll
0x00007fff4f1b0000 - 0x00007fff4f24e000 	C:\Windows\System32\msvcrt.dll
0x00007fff508c0000 - 0x00007fff5095c000 	C:\Windows\System32\sechost.dll
0x00007fff505d0000 - 0x00007fff506f5000 	C:\Windows\System32\RPCRT4.dll
0x00007fff50a50000 - 0x00007fff50bf1000 	C:\Windows\System32\USER32.dll
0x00007fff4e710000 - 0x00007fff4e732000 	C:\Windows\System32\win32u.dll
0x00007fff50700000 - 0x00007fff5072b000 	C:\Windows\System32\GDI32.dll
0x00007fff4ee20000 - 0x00007fff4ef2f000 	C:\Windows\System32\gdi32full.dll
0x00007fff4e670000 - 0x00007fff4e70d000 	C:\Windows\System32\msvcp_win.dll
0x00007fff4eb00000 - 0x00007fff4ec00000 	C:\Windows\System32\ucrtbase.dll
0x00007fff32ab0000 - 0x00007fff32d4a000 	C:\Windows\WinSxS\amd64_microsoft.windows.common-controls_6595b64144ccf1df_6.0.19041.1110_none_60b5254171f9507e\COMCTL32.dll
0x00007fff4fef0000 - 0x00007fff4ff22000 	C:\Windows\System32\IMM32.DLL
0x0000000070ba0000 - 0x0000000070c72000 	C:\Program Files\Java\jdk1.8.0_202\jre\bin\msvcr100.dll
0x00000000702f0000 - 0x0000000070b95000 	C:\Program Files\Java\jdk1.8.0_202\jre\bin\server\jvm.dll
0x00007fff50850000 - 0x00007fff50858000 	C:\Windows\System32\PSAPI.DLL
0x00007fff3a680000 - 0x00007fff3a689000 	C:\Windows\SYSTEM32\WSOCK32.dll
0x00007fff386d0000 - 0x00007fff386f7000 	C:\Windows\SYSTEM32\WINMM.dll
0x00007fff49280000 - 0x00007fff4928a000 	C:\Windows\SYSTEM32\VERSION.dll
0x00007fff504e0000 - 0x00007fff5054b000 	C:\Windows\System32\WS2_32.dll
0x00007fff495d0000 - 0x00007fff495df000 	C:\Program Files\Java\jdk1.8.0_202\jre\bin\verify.dll
0x00007fff2b9e0000 - 0x00007fff2ba09000 	C:\Program Files\Java\jdk1.8.0_202\jre\bin\java.dll
0x00007fff3a6b0000 - 0x00007fff3a6c6000 	C:\Program Files\Java\jdk1.8.0_202\jre\bin\zip.dll

VM Arguments:
jvm_args: -Dcom.sun.management.jmxremote -Dcom.sun.management.jmxremote.port=49523 -Dcom.sun.management.jmxremote.authenticate=false -Dcom.sun.management.jmxremote.ssl=false -Djava.rmi.server.hostname=localhost -Dspring.jmx.enabled=true -Dspring.application.admin.enabled=true -XX:TieredStopAtLevel=1 -Dspring.boot.project.name=algamoney-api -Dfile.encoding=UTF-8 
java_command: com.theo.algamoney.AlgamoneyApiApplication --spring.output.ansi.enabled=always
java_class_path (initial): C:\Users\theo.nogueira\Desktop\projetos spring\algamoney-api\target\classes;C:\Users\theo.nogueira\.m2\repository\org\springframework\boot\spring-boot-starter-data-jpa\3.0.5\spring-boot-starter-data-jpa-3.0.5.jar;C:\Users\theo.nogueira\.m2\repository\org\springframework\boot\spring-boot-starter-aop\3.0.5\spring-boot-starter-aop-3.0.5.jar;C:\Users\theo.nogueira\.m2\repository\org\springframework\spring-aop\6.0.7\spring-aop-6.0.7.jar;C:\Users\theo.nogueira\.m2\repository\org\aspectj\aspectjweaver\1.9.19\aspectjweaver-1.9.19.jar;C:\Users\theo.nogueira\.m2\repository\org\springframework\boot\spring-boot-starter-jdbc\3.0.5\spring-boot-starter-jdbc-3.0.5.jar;C:\Users\theo.nogueira\.m2\repository\com\zaxxer\HikariCP\5.0.1\HikariCP-5.0.1.jar;C:\Users\theo.nogueira\.m2\repository\org\springframework\spring-jdbc\6.0.7\spring-jdbc-6.0.7.jar;C:\Users\theo.nogueira\.m2\repository\org\hibernate\orm\hibernate-core\6.1.7.Final\hibernate-core-6.1.7.Final.jar;C:\Users\theo.nogueira\.m2\repository\jakarta\persistence\jakarta.persistence-api\3.1.0\jakarta.persistence-api-3.1.0.jar;C:\Users\theo.nogueira\.m2\repository\jakarta\transaction\jakarta.transaction-api\2.0.1\jakarta.transaction-api-2.0.1.jar;C:\Users\theo.nogueira\.m2\repository\org\jboss\logging\jboss-logging\3.5.0.Final\jboss-logging-3.5.0.Final.jar;C:\Users\theo.nogueira\.m2\repository\org\hibernate\common\hibernate-commons-annotations\6.0.6.Final\hibernate-commons-annotations-6.0.6.Final.jar;C:\Users\theo.nogueira\.m2\repository\org\jboss\jandex\2.4.2.Final\jandex-2.4.2.Final.jar;C:\Users\theo.nogueira\.m2\repository\com\fasterxml\classmate\1.5.1\classmate-1.5.1.jar;C:\Users\theo.nogueira\.m2\repository\net\bytebuddy\byte-buddy\1.12.23\byte-buddy-1.12.23.jar;C:\Users\theo.nogueira\.m2\repository\org\glassfish\jaxb\jaxb-runtime\4.0.2\jaxb-runtime-4.0.2.jar;C:\Users\theo.nogueira\.m2\repository\org\glassfish\jaxb\jaxb-core\4.0.2\jaxb-core-4.0.2.jar;C:\Users\theo.nogueira\.m2\repository\org\eclips
Launcher Type: SUN_STANDARD

Environment Variables:
JAVA_HOME=C:\Program Files\Java\jdk1.8.0_202
PATH=C:/Program Files/sts-4.14.1.RELEASE//plugins/org.eclipse.justj.openjdk.hotspot.jre.full.win32.x86_64_17.0.2.v20220201-1208/jre/bin/server;C:/Program Files/sts-4.14.1.RELEASE//plugins/org.eclipse.justj.openjdk.hotspot.jre.full.win32.x86_64_17.0.2.v20220201-1208/jre/bin;C:\app\theo.nogueira\product\21c\dbhomeXE\bin;C:\Program Files\Java\jdk1.8.0_202\bin;C:\apache-maven-3.6.3\bin;C:\oracle\product\12.1.0\client_x64\bin;C:\oracle\product\12.1.0\client_x86\bin;C:\Program Files (x86)\Common Files\Oracle\Java\javapath;C:\Windows\system32;C:\Windows;C:\Windows\System32\Wbem;C:\Windows\System32\WindowsPowerShell\v1.0\;C:\Windows\System32\OpenSSH\;C:\Program Files\dotnet\;C:\gradle\gradle-6.5\bin;C:\Users\eduardo.conceicao\AppData\Local\Android\Sdk\build-tools\30.0.3;C:\Users\eduardo.conceicao\AppData\Local\Android\Sdk\tools;C:\Users\eduardo.conceicao\AppData\Local\Android\Sdk\platform-tools;C:\Program Files\Git\cmd;C:\Program Files\nodejs\;C:\Users\theo.nogueira\AppData\Local\Microsoft\WindowsApps;;C:\Users\theo.nogueira\AppData\Local\Programs\Microsoft VS Code\bin;C:\Users\theo.nogueira\AppData\Roaming\npm;C:\Program Files\sts-4.14.1.RELEASE;
USERNAME=theo.nogueira
OS=Windows_NT
PROCESSOR_IDENTIFIER=Intel64 Family 6 Model 165 Stepping 3, GenuineIntel



---------------  S Y S T E M  ---------------

OS: Windows 10.0 , 64 bit Build 19041 (10.0.19041.2546)

CPU:total 12 (initial active 12) (6 cores per cpu, 2 threads per core) family 6 model 165 stepping 3, cmov, cx8, fxsr, mmx, sse, sse2, sse3, ssse3, sse4.1, sse4.2, popcnt, avx, avx2, aes, clmul, erms, 3dnowpref, lzcnt, ht, tsc, tscinvbit, bmi1, bmi2, adx

Memory: 4k page, physical 16517480k(4217380k free), swap 47423972k(5652k free)

vm_info: Java HotSpot(TM) 64-Bit Server VM (25.202-b08) for windows-amd64 JRE (1.8.0_202-b08), built on Dec 15 2018 19:54:30 by "java_re" with MS VC++ 10.0 (VS2010)

time: Mon Mar 27 14:03:03 2023
timezone: Hora Padrão de Buenos Aires
elapsed time: 0 seconds (0d 0h 0m 0s)

