#
# There is insufficient memory for the Java Runtime Environment to continue.
# Native memory allocation (mmap) failed to map 266338304 bytes for G1 virtual space
# Possible reasons:
#   The system is out of physical RAM or swap space
#   The process is running with CompressedOops enabled, and the Java Heap may be blocking the growth of the native heap
# Possible solutions:
#   Reduce memory load on the system
#   Increase physical memory or swap space
#   Check if swap backing store is full
#   Decrease Java heap size (-Xmx/-Xms)
#   Decrease number of Java threads
#   Decrease Java thread stack sizes (-Xss)
#   Set larger code cache with -XX:ReservedCodeCacheSize=
#   JVM is running with Zero Based Compressed Oops mode in which the Java heap is
#     placed in the first 32GB address space. The Java Heap base address is the
#     maximum limit for the native heap growth. Please use -XX:HeapBaseMinAddress
#     to set the Java Heap base and to place the Java Heap above 32GB virtual address.
# This output file may be truncated or incomplete.
#
#  Out of Memory Error (os_windows.cpp:3532), pid=3952, tid=27524
#
# JRE version:  (17.0.2+8) (build )
# Java VM: OpenJDK 64-Bit Server VM (17.0.2+8, mixed mode, emulated-client, sharing, tiered, compressed oops, compressed class ptrs, g1 gc, windows-amd64)
# No core dump will be written. Minidumps are not enabled by default on client versions of Windows
#

---------------  S U M M A R Y ------------

Command Line: -Dcom.sun.management.jmxremote -Dcom.sun.management.jmxremote.port=49949 -Dcom.sun.management.jmxremote.authenticate=false -Dcom.sun.management.jmxremote.ssl=false -Djava.rmi.server.hostname=localhost -Dspring.jmx.enabled=true -Dspring.application.admin.enabled=true -XX:TieredStopAtLevel=1 -Dspring.boot.project.name=algamoney-api -Dfile.encoding=UTF-8 -XX:+ShowCodeDetailsInExceptionMessages com.theo.algamoney.AlgamoneyApiApplication --spring.output.ansi.enabled=always

Host: Intel(R) Core(TM) i5-10505 CPU @ 3.20GHz, 12 cores, 15G,  Windows 10 , 64 bit Build 19041 (10.0.19041.2546)
Time: Mon Mar 27 09:46:40 2023 Hora Padrão de Buenos Aires elapsed time: 0.010645 seconds (0d 0h 0m 0s)

---------------  T H R E A D  ---------------

Current thread (0x00000161127333d0):  JavaThread "Unknown thread" [_thread_in_vm, id=27524, stack(0x0000003584300000,0x0000003584400000)]

Stack: [0x0000003584300000,0x0000003584400000]
Native frames: (J=compiled Java code, j=interpreted, Vv=VM code, C=native code)
V  [jvm.dll+0x67564a]
V  [jvm.dll+0x82fc04]
V  [jvm.dll+0x8313ae]
V  [jvm.dll+0x831a13]
V  [jvm.dll+0x245235]
V  [jvm.dll+0x672539]
V  [jvm.dll+0x666e82]
V  [jvm.dll+0x30401b]
V  [jvm.dll+0x30b566]
V  [jvm.dll+0x35b1fe]
V  [jvm.dll+0x35b42f]
V  [jvm.dll+0x2daf58]
V  [jvm.dll+0x2dbec4]
V  [jvm.dll+0x801881]
V  [jvm.dll+0x368f81]
V  [jvm.dll+0x7e0cdc]
V  [jvm.dll+0x3eb8bf]
V  [jvm.dll+0x3ed441]
C  [jli.dll+0x5277]
C  [ucrtbase.dll+0x21bb2]
C  [KERNEL32.DLL+0x17614]
C  [ntdll.dll+0x526a1]


---------------  P R O C E S S  ---------------

Threads class SMR info:
_java_thread_list=0x00007ffefd1e5e98, length=0, elements={
}

Java Threads: ( => current thread )

Other Threads:
  0x0000016112780a20 GCTaskThread "GC Thread#0" [stack: 0x0000003584400000,0x0000003584500000] [id=26360]
  0x0000016112791ff0 ConcurrentGCThread "G1 Main Marker" [stack: 0x0000003584500000,0x0000003584600000] [id=25936]
  0x0000016112797940 ConcurrentGCThread "G1 Conc#0" [stack: 0x0000003584600000,0x0000003584700000] [id=15808]

[error occurred during error reporting (printing all threads), id 0xc0000005, EXCEPTION_ACCESS_VIOLATION (0xc0000005) at pc=0x00007ffefc9bb9d7]

VM state: not at safepoint (not fully initialized)

VM Mutex/Monitor currently owned by a thread:  ([mutex/lock_event])
[0x000001611272c850] Heap_lock - owner thread: 0x00000161127333d0

Heap address: 0x0000000703e00000, size: 4034 MB, Compressed Oops mode: Zero based, Oop shift amount: 3

CDS archive(s) mapped at: [0x0000000000000000-0x0000000000000000-0x0000000000000000), size 0, SharedBaseAddress: 0x0000000800000000, ArchiveRelocationMode: 0.
Narrow klass base: 0x0000000000000000, Narrow klass shift: 0, Narrow klass range: 0x0

GC Precious Log:
<Empty>

Heap:
 garbage-first heap   total 0K, used 0K [0x0000000703e00000, 0x0000000800000000)
  region size 2048K, 0 young (0K), 0 survivors (0K)

[error occurred during error reporting (printing heap information), id 0xc0000005, EXCEPTION_ACCESS_VIOLATION (0xc0000005) at pc=0x00007ffefcd9e899]

GC Heap History (0 events):
No events

Deoptimization events (0 events):
No events

Classes unloaded (0 events):
No events

Classes redefined (0 events):
No events

Internal exceptions (0 events):
No events

VM Operations (0 events):
No events

Events (1 events):
Event: 0.006 Loaded shared library C:\Program Files\sts-4.14.1.RELEASE\plugins\org.eclipse.justj.openjdk.hotspot.jre.full.win32.x86_64_17.0.2.v20220201-1208\jre\bin\java.dll


Dynamic libraries:
0x00007ff7d2650000 - 0x00007ff7d265e000 	C:\Program Files\sts-4.14.1.RELEASE\plugins\org.eclipse.justj.openjdk.hotspot.jre.full.win32.x86_64_17.0.2.v20220201-1208\jre\bin\javaw.exe
0x00007fff50fb0000 - 0x00007fff511a8000 	C:\Windows\SYSTEM32\ntdll.dll
0x00007fff500c0000 - 0x00007fff5017f000 	C:\Windows\System32\KERNEL32.DLL
0x00007fff4e820000 - 0x00007fff4eaf2000 	C:\Windows\System32\KERNELBASE.dll
0x00007fff4eb00000 - 0x00007fff4ec00000 	C:\Windows\System32\ucrtbase.dll
0x00007fff4b060000 - 0x00007fff4b078000 	C:\Program Files\sts-4.14.1.RELEASE\plugins\org.eclipse.justj.openjdk.hotspot.jre.full.win32.x86_64_17.0.2.v20220201-1208\jre\bin\jli.dll
0x00007fff50a50000 - 0x00007fff50bf1000 	C:\Windows\System32\USER32.dll
0x00007fff4e710000 - 0x00007fff4e732000 	C:\Windows\System32\win32u.dll
0x00007fff50700000 - 0x00007fff5072b000 	C:\Windows\System32\GDI32.dll
0x00007fff4ee20000 - 0x00007fff4ef2f000 	C:\Windows\System32\gdi32full.dll
0x00007fff4e670000 - 0x00007fff4e70d000 	C:\Windows\System32\msvcp_win.dll
0x00007fff495f0000 - 0x00007fff49609000 	C:\Program Files\sts-4.14.1.RELEASE\plugins\org.eclipse.justj.openjdk.hotspot.jre.full.win32.x86_64_17.0.2.v20220201-1208\jre\bin\VCRUNTIME140.dll
0x00007fff32ab0000 - 0x00007fff32d4a000 	C:\Windows\WinSxS\amd64_microsoft.windows.common-controls_6595b64144ccf1df_6.0.19041.1110_none_60b5254171f9507e\COMCTL32.dll
0x00007fff4f1b0000 - 0x00007fff4f24e000 	C:\Windows\System32\msvcrt.dll
0x00007fff4fef0000 - 0x00007fff4ff22000 	C:\Windows\System32\IMM32.DLL
0x00007fff3a710000 - 0x00007fff3a828000 	C:\Program Files\Topaz OFD\Warsaw\wslbscr64.dll
0x00007fff4f090000 - 0x00007fff4f13e000 	C:\Windows\System32\ADVAPI32.dll
0x00007fff508c0000 - 0x00007fff5095c000 	C:\Windows\System32\sechost.dll
0x00007fff505d0000 - 0x00007fff506f5000 	C:\Windows\System32\RPCRT4.dll
0x00007fff4f790000 - 0x00007fff4fed5000 	C:\Windows\System32\SHELL32.dll
0x00007fff4d750000 - 0x00007fff4d783000 	C:\Windows\SYSTEM32\ntmarta.dll
0x00007fff239e0000 - 0x00007fff23ad4000 	C:\Program Files\Topaz OFD\Warsaw\wslbscrwh64.dll
0x00007fff4b100000 - 0x00007fff4b10c000 	C:\Program Files\sts-4.14.1.RELEASE\plugins\org.eclipse.justj.openjdk.hotspot.jre.full.win32.x86_64_17.0.2.v20220201-1208\jre\bin\vcruntime140_1.dll
0x00007fff099f0000 - 0x00007fff09a81000 	C:\Program Files\sts-4.14.1.RELEASE\plugins\org.eclipse.justj.openjdk.hotspot.jre.full.win32.x86_64_17.0.2.v20220201-1208\jre\bin\msvcp140.dll
0x00007ffefc6d0000 - 0x00007ffefd317000 	C:\Program Files\sts-4.14.1.RELEASE\plugins\org.eclipse.justj.openjdk.hotspot.jre.full.win32.x86_64_17.0.2.v20220201-1208\jre\bin\server\jvm.dll
0x00007fff50850000 - 0x00007fff50858000 	C:\Windows\System32\PSAPI.DLL
0x00007fff3a680000 - 0x00007fff3a689000 	C:\Windows\SYSTEM32\WSOCK32.dll
0x00007fff504e0000 - 0x00007fff5054b000 	C:\Windows\System32\WS2_32.dll
0x00007fff386d0000 - 0x00007fff386f7000 	C:\Windows\SYSTEM32\WINMM.dll
0x00007fff49280000 - 0x00007fff4928a000 	C:\Windows\SYSTEM32\VERSION.dll
0x00007fff4c510000 - 0x00007fff4c522000 	C:\Windows\SYSTEM32\kernel.appcore.dll
0x00007fff4b0f0000 - 0x00007fff4b0fa000 	C:\Program Files\sts-4.14.1.RELEASE\plugins\org.eclipse.justj.openjdk.hotspot.jre.full.win32.x86_64_17.0.2.v20220201-1208\jre\bin\jimage.dll
0x00007fff39480000 - 0x00007fff39664000 	C:\Windows\SYSTEM32\DBGHELP.DLL
0x00007fff39440000 - 0x00007fff39475000 	C:\Windows\SYSTEM32\dbgcore.DLL
0x00007fff4ef30000 - 0x00007fff4efb2000 	C:\Windows\System32\bcryptPrimitives.dll
0x00007fff4afd0000 - 0x00007fff4aff5000 	C:\Program Files\sts-4.14.1.RELEASE\plugins\org.eclipse.justj.openjdk.hotspot.jre.full.win32.x86_64_17.0.2.v20220201-1208\jre\bin\java.dll

dbghelp: loaded successfully - version: 4.0.5 - missing functions: none
symbol engine: initialized successfully - sym options: 0x614 - pdb path: .;C:\Program Files\sts-4.14.1.RELEASE\plugins\org.eclipse.justj.openjdk.hotspot.jre.full.win32.x86_64_17.0.2.v20220201-1208\jre\bin;C:\Windows\SYSTEM32;C:\Windows\WinSxS\amd64_microsoft.windows.common-controls_6595b64144ccf1df_6.0.19041.1110_none_60b5254171f9507e;C:\Program Files\Topaz OFD\Warsaw;C:\Program Files\sts-4.14.1.RELEASE\plugins\org.eclipse.justj.openjdk.hotspot.jre.full.win32.x86_64_17.0.2.v20220201-1208\jre\bin\server

VM Arguments:
jvm_args: -Dcom.sun.management.jmxremote -Dcom.sun.management.jmxremote.port=49949 -Dcom.sun.management.jmxremote.authenticate=false -Dcom.sun.management.jmxremote.ssl=false -Djava.rmi.server.hostname=localhost -Dspring.jmx.enabled=true -Dspring.application.admin.enabled=true -XX:TieredStopAtLevel=1 -Dspring.boot.project.name=algamoney-api -Dfile.encoding=UTF-8 -XX:+ShowCodeDetailsInExceptionMessages 
java_command: com.theo.algamoney.AlgamoneyApiApplication --spring.output.ansi.enabled=always
java_class_path (initial): C:\Users\theo.nogueira\Desktop\projetos spring\algamoney-api\target\classes;C:\Users\theo.nogueira\.m2\repository\org\springframework\boot\spring-boot-starter-data-jpa\3.0.5\spring-boot-starter-data-jpa-3.0.5.jar;C:\Users\theo.nogueira\.m2\repository\org\springframework\boot\spring-boot-starter-aop\3.0.5\spring-boot-starter-aop-3.0.5.jar;C:\Users\theo.nogueira\.m2\repository\org\springframework\spring-aop\6.0.7\spring-aop-6.0.7.jar;C:\Users\theo.nogueira\.m2\repository\org\aspectj\aspectjweaver\1.9.19\aspectjweaver-1.9.19.jar;C:\Users\theo.nogueira\.m2\repository\org\springframework\boot\spring-boot-starter-jdbc\3.0.5\spring-boot-starter-jdbc-3.0.5.jar;C:\Users\theo.nogueira\.m2\repository\com\zaxxer\HikariCP\5.0.1\HikariCP-5.0.1.jar;C:\Users\theo.nogueira\.m2\repository\org\springframework\spring-jdbc\6.0.7\spring-jdbc-6.0.7.jar;C:\Users\theo.nogueira\.m2\repository\org\hibernate\orm\hibernate-core\6.1.7.Final\hibernate-core-6.1.7.Final.jar;C:\Users\theo.nogueira\.m2\repository\jakarta\persistence\jakarta.persistence-api\3.1.0\jakarta.persistence-api-3.1.0.jar;C:\Users\theo.nogueira\.m2\repository\jakarta\transaction\jakarta.transaction-api\2.0.1\jakarta.transaction-api-2.0.1.jar;C:\Users\theo.nogueira\.m2\repository\org\jboss\logging\jboss-logging\3.5.0.Final\jboss-logging-3.5.0.Final.jar;C:\Users\theo.nogueira\.m2\repository\org\hibernate\common\hibernate-commons-annotations\6.0.6.Final\hibernate-commons-annotations-6.0.6.Final.jar;C:\Users\theo.nogueira\.m2\repository\org\jboss\jandex\2.4.2.Final\jandex-2.4.2.Final.jar;C:\Users\theo.nogueira\.m2\repository\com\fasterxml\classmate\1.5.1\classmate-1.5.1.jar;C:\Users\theo.nogueira\.m2\repository\net\bytebuddy\byte-buddy\1.12.23\byte-buddy-1.12.23.jar;C:\Users\theo.nogueira\.m2\repository\org\glassfish\jaxb\jaxb-runtime\4.0.2\jaxb-runtime-4.0.2.jar;C:\Users\theo.nogueira\.m2\repository\org\glassfish\jaxb\jaxb-core\4.0.2\jaxb-core-4.0.2.jar;C:\Users\theo.nogueira\.m2\repository\org\eclips
Launcher Type: SUN_STANDARD

[Global flags]
     intx CICompilerCount                          = 4                                         {product} {ergonomic}
     uint ConcGCThreads                            = 3                                         {product} {ergonomic}
     uint G1ConcRefinementThreads                  = 10                                        {product} {ergonomic}
   size_t G1HeapRegionSize                         = 2097152                                   {product} {ergonomic}
    uintx GCDrainStackTargetSize                   = 64                                        {product} {ergonomic}
   size_t InitialHeapSize                          = 266338304                                 {product} {ergonomic}
     bool ManagementServer                         = true                                      {product} {command line}
   size_t MarkStackSize                            = 4194304                                   {product} {ergonomic}
   size_t MaxHeapSize                              = 4229955584                                {product} {ergonomic}
   size_t MinHeapDeltaBytes                        = 2097152                                   {product} {ergonomic}
   size_t MinHeapSize                              = 8388608                                   {product} {ergonomic}
    uintx NonProfiledCodeHeapSize                  = 0                                      {pd product} {ergonomic}
     bool ProfileInterpreter                       = false                                  {pd product} {command line}
    uintx ProfiledCodeHeapSize                     = 0                                      {pd product} {ergonomic}
     bool ShowCodeDetailsInExceptionMessages       = true                                   {manageable} {command line}
   size_t SoftMaxHeapSize                          = 4229955584                             {manageable} {ergonomic}
     intx TieredStopAtLevel                        = 1                                         {product} {command line}
     bool UseCompressedClassPointers               = true                           {product lp64_product} {ergonomic}
     bool UseCompressedOops                        = true                           {product lp64_product} {ergonomic}
     bool UseG1GC                                  = true                                      {product} {ergonomic}
     bool UseLargePagesIndividualAllocation        = false                                  {pd product} {ergonomic}

Logging:
Log output configuration:
 #0: stdout all=warning uptime,level,tags
 #1: stderr all=off uptime,level,tags

Environment Variables:
JAVA_HOME=C:\Program Files\Java\jdk1.8.0_202
PATH=C:/Program Files/sts-4.14.1.RELEASE//plugins/org.eclipse.justj.openjdk.hotspot.jre.full.win32.x86_64_17.0.2.v20220201-1208/jre/bin/server;C:/Program Files/sts-4.14.1.RELEASE//plugins/org.eclipse.justj.openjdk.hotspot.jre.full.win32.x86_64_17.0.2.v20220201-1208/jre/bin;C:\app\theo.nogueira\product\21c\dbhomeXE\bin;C:\Program Files\Java\jdk1.8.0_202\bin;C:\apache-maven-3.6.3\bin;C:\oracle\product\12.1.0\client_x64\bin;C:\oracle\product\12.1.0\client_x86\bin;C:\Program Files (x86)\Common Files\Oracle\Java\javapath;C:\Windows\system32;C:\Windows;C:\Windows\System32\Wbem;C:\Windows\System32\WindowsPowerShell\v1.0\;C:\Windows\System32\OpenSSH\;C:\Program Files\dotnet\;C:\gradle\gradle-6.5\bin;C:\Users\eduardo.conceicao\AppData\Local\Android\Sdk\build-tools\30.0.3;C:\Users\eduardo.conceicao\AppData\Local\Android\Sdk\tools;C:\Users\eduardo.conceicao\AppData\Local\Android\Sdk\platform-tools;C:\Program Files\Git\cmd;C:\Program Files\nodejs\;C:\Users\theo.nogueira\AppData\Local\Microsoft\WindowsApps;;C:\Users\theo.nogueira\AppData\Local\Programs\Microsoft VS Code\bin;C:\Users\theo.nogueira\AppData\Roaming\npm;C:\Program Files\sts-4.14.1.RELEASE;
USERNAME=theo.nogueira
OS=Windows_NT
PROCESSOR_IDENTIFIER=Intel64 Family 6 Model 165 Stepping 3, GenuineIntel



---------------  S Y S T E M  ---------------

OS:
 Windows 10 , 64 bit Build 19041 (10.0.19041.2546)
OS uptime: 12 days 0:45 hours
Hyper-V role detected

CPU: total 12 (initial active 12) (6 cores per cpu, 2 threads per core) family 6 model 165 stepping 3 microcode 0xf0, cx8, cmov, fxsr, ht, mmx, 3dnowpref, sse, sse2, sse3, ssse3, sse4.1, sse4.2, popcnt, lzcnt, tsc, tscinvbit, avx, avx2, aes, erms, clmul, bmi1, bmi2, adx, fma, vzeroupper, clflush, clflushopt, hv

Memory: 4k page, system-wide physical 16130M (3979M free)
TotalPageFile size 46312M (AvailPageFile size 225M)
current process WorkingSet (physical memory assigned to process): 14M, peak: 14M
current process commit charge ("private bytes"): 60M, peak: 314M

vm_info: OpenJDK 64-Bit Server VM (17.0.2+8) for windows-amd64 JRE (17.0.2+8), built on Jan 20 2022 04:52:34 by "" with MS VC++ 16.7 (VS2019)

END.
